| F=000 B=000 A=000 
| time = 100.000ns
| critical path for last transition of F2:
|   B2 -> 0 @ 0.000ns , node was an input
|   part_5_0[2]/a_58_n35# -> 1 @ 0.115ns   (0.115ns)
|   F2 -> 0 @ 0.117ns   (0.002ns)
| critical path for last transition of F1:
|   B1 -> 0 @ 0.000ns , node was an input
|   part_5_0[1]/a_58_n35# -> 1 @ 0.115ns   (0.115ns)
|   F1 -> 0 @ 0.117ns   (0.002ns)
| critical path for last transition of F0:
|   B0 -> 0 @ 0.000ns , node was an input
|   part_5_0[0]/a_58_n35# -> 1 @ 0.115ns   (0.115ns)
|   F0 -> 0 @ 0.117ns   (0.002ns)
| F=000 B=001 A=000 
| time = 200.000ns
| critical path for last transition of F2:
|   B2 -> 0 @ 0.000ns , node was an input
|   part_5_0[2]/a_58_n35# -> 1 @ 0.115ns   (0.115ns)
|   F2 -> 0 @ 0.117ns   (0.002ns)
| critical path for last transition of F1:
|   B1 -> 0 @ 0.000ns , node was an input
|   part_5_0[1]/a_58_n35# -> 1 @ 0.115ns   (0.115ns)
|   F1 -> 0 @ 0.117ns   (0.002ns)
| critical path for last transition of F0:
|   B0 -> 1 @ 100.000ns , node was an input
|   part_5_0[0]/A_OUT -> 0 @ 100.098ns   (0.098ns)
|   part_5_0[1]/C_IN -> 1 @ 100.429ns   (0.331ns)
|   part_5_0[1]/CIN_OUT -> 0 @ 100.589ns   (0.160ns)
|   part_5_0[2]/C_IN -> 1 @ 100.917ns   (0.328ns)
|   part_5_0[2]/CIN_OUT -> 0 @ 101.077ns   (0.160ns)
|   part_5_0[0]/SEL -> 1 @ 101.843ns   (0.766ns)
|   part_5_0[0]/a_84_n74# -> 0 @ 102.030ns   (0.187ns)
|   part_5_0[0]/a_58_n35# -> 1 @ 102.163ns   (0.133ns)
|   F0 -> 0 @ 102.165ns   (0.002ns)
| F=000 B=010 A=000 
| time = 300.000ns
| critical path for last transition of F2:
|   B2 -> 0 @ 0.000ns , node was an input
|   part_5_0[2]/a_58_n35# -> 1 @ 0.115ns   (0.115ns)
|   F2 -> 0 @ 0.117ns   (0.002ns)
| critical path for last transition of F1:
|   transition of B1, which has since changed again
|   part_5_0[1]/a_58_n35# -> 1 @ 0.115ns   (?)
|   F1 -> 0 @ 0.117ns   (0.002ns)
| critical path for last transition of F0:
|   transition of part_5_0[1]/CIN_OUT, which has since changed again
|   part_5_0[2]/C_IN -> 1 @ 100.917ns   (?)
|   part_5_0[2]/CIN_OUT -> 0 @ 101.077ns   (0.160ns)
|   part_5_0[0]/SEL -> 1 @ 101.843ns   (0.766ns)
|   part_5_0[0]/a_84_n74# -> 0 @ 102.030ns   (0.187ns)
|   part_5_0[0]/a_58_n35# -> 1 @ 102.163ns   (0.133ns)
|   F0 -> 0 @ 102.165ns   (0.002ns)
| F=000 B=011 A=000 
| time = 400.000ns
| critical path for last transition of F2:
|   B2 -> 0 @ 0.000ns , node was an input
|   part_5_0[2]/a_58_n35# -> 1 @ 0.115ns   (0.115ns)
|   F2 -> 0 @ 0.117ns   (0.002ns)
| critical path for last transition of F1:
|   transition of B1, which has since changed again
|   part_5_0[1]/a_58_n35# -> 1 @ 0.115ns   (?)
|   F1 -> 0 @ 0.117ns   (0.002ns)
| critical path for last transition of F0:
|   transition of part_5_0[1]/CIN_OUT, which has since changed again
|   part_5_0[2]/C_IN -> 1 @ 100.917ns   (?)
|   part_5_0[2]/CIN_OUT -> 0 @ 101.077ns   (0.160ns)
|   part_5_0[0]/SEL -> 1 @ 101.843ns   (0.766ns)
|   part_5_0[0]/a_84_n74# -> 0 @ 102.030ns   (0.187ns)
|   part_5_0[0]/a_58_n35# -> 1 @ 102.163ns   (0.133ns)
|   F0 -> 0 @ 102.165ns   (0.002ns)
| F=000 B=100 A=000 
| time = 500.000ns
| critical path for last transition of F2:
|   transition of B2, which has since changed again
|   part_5_0[2]/a_58_n35# -> 1 @ 0.115ns   (?)
|   F2 -> 0 @ 0.117ns   (0.002ns)
| critical path for last transition of F1:
|   transition of B1, which has since changed again
|   part_5_0[1]/a_58_n35# -> 1 @ 0.115ns   (?)
|   F1 -> 0 @ 0.117ns   (0.002ns)
| critical path for last transition of F0:
|   transition of part_5_0[2]/CIN_OUT, which has since changed again
|   part_5_0[0]/SEL -> 1 @ 101.843ns   (?)
|   part_5_0[0]/a_84_n74# -> 0 @ 102.030ns   (0.187ns)
|   part_5_0[0]/a_58_n35# -> 1 @ 102.163ns   (0.133ns)
|   F0 -> 0 @ 102.165ns   (0.002ns)
| F=000 B=101 A=000 
| time = 600.000ns
| critical path for last transition of F2:
|   transition of B2, which has since changed again
|   part_5_0[2]/a_58_n35# -> 1 @ 0.115ns   (?)
|   F2 -> 0 @ 0.117ns   (0.002ns)
| critical path for last transition of F1:
|   transition of B1, which has since changed again
|   part_5_0[1]/a_58_n35# -> 1 @ 0.115ns   (?)
|   F1 -> 0 @ 0.117ns   (0.002ns)
| critical path for last transition of F0:
|   transition of part_5_0[2]/CIN_OUT, which has since changed again
|   part_5_0[0]/SEL -> 1 @ 101.843ns   (?)
|   part_5_0[0]/a_84_n74# -> 0 @ 102.030ns   (0.187ns)
|   part_5_0[0]/a_58_n35# -> 1 @ 102.163ns   (0.133ns)
|   F0 -> 0 @ 102.165ns   (0.002ns)
| F=000 B=110 A=000 
| time = 700.000ns
| critical path for last transition of F2:
|   transition of B2, which has since changed again
|   part_5_0[2]/a_58_n35# -> 1 @ 0.115ns   (?)
|   F2 -> 0 @ 0.117ns   (0.002ns)
| critical path for last transition of F1:
|   transition of B1, which has since changed again
|   part_5_0[1]/a_58_n35# -> 1 @ 0.115ns   (?)
|   F1 -> 0 @ 0.117ns   (0.002ns)
| critical path for last transition of F0:
|   transition of part_5_0[2]/CIN_OUT, which has since changed again
|   part_5_0[0]/SEL -> 1 @ 101.843ns   (?)
|   part_5_0[0]/a_84_n74# -> 0 @ 102.030ns   (0.187ns)
|   part_5_0[0]/a_58_n35# -> 1 @ 102.163ns   (0.133ns)
|   F0 -> 0 @ 102.165ns   (0.002ns)
| F=000 B=111 A=000 
| time = 800.000ns
| critical path for last transition of F2:
|   transition of B2, which has since changed again
|   part_5_0[2]/a_58_n35# -> 1 @ 0.115ns   (?)
|   F2 -> 0 @ 0.117ns   (0.002ns)
| critical path for last transition of F1:
|   transition of B1, which has since changed again
|   part_5_0[1]/a_58_n35# -> 1 @ 0.115ns   (?)
|   F1 -> 0 @ 0.117ns   (0.002ns)
| critical path for last transition of F0:
|   transition of part_5_0[2]/CIN_OUT, which has since changed again
|   part_5_0[0]/SEL -> 1 @ 101.843ns   (?)
|   part_5_0[0]/a_84_n74# -> 0 @ 102.030ns   (0.187ns)
|   part_5_0[0]/a_58_n35# -> 1 @ 102.163ns   (0.133ns)
|   F0 -> 0 @ 102.165ns   (0.002ns)
| F=000 B=000 A=001 
| time = 900.000ns
| critical path for last transition of F2:
|   transition of B2, which has since changed again
|   part_5_0[2]/a_58_n35# -> 1 @ 0.115ns   (?)
|   F2 -> 0 @ 0.117ns   (0.002ns)
| critical path for last transition of F1:
|   transition of B1, which has since changed again
|   part_5_0[1]/a_58_n35# -> 1 @ 0.115ns   (?)
|   F1 -> 0 @ 0.117ns   (0.002ns)
| critical path for last transition of F0:
|   B0 -> 0 @ 800.000ns , node was an input
|   part_5_0[0]/A_OUT -> 1 @ 800.104ns   (0.104ns)
|   part_5_0[1]/C_IN -> 0 @ 800.525ns   (0.421ns)
|   part_5_0[1]/CIN_OUT -> 1 @ 800.755ns   (0.230ns)
|   part_5_0[2]/C_IN -> 0 @ 801.174ns   (0.419ns)
|   part_5_0[2]/CIN_OUT -> 1 @ 801.404ns   (0.230ns)
|   part_5_0[0]/SEL -> 0 @ 802.442ns   (1.038ns)
|   part_5_0[0]/a_84_n16# -> 1 @ 802.736ns   (0.294ns)
|   F0 -> 0 @ 802.738ns   (0.002ns)
| F=001 B=001 A=001 
| time = 1000.000ns
| critical path for last transition of F2:
|   transition of B2, which has since changed again
|   part_5_0[2]/a_58_n35# -> 1 @ 0.115ns   (?)
|   F2 -> 0 @ 0.117ns   (0.002ns)
| critical path for last transition of F1:
|   transition of B1, which has since changed again
|   part_5_0[1]/a_58_n35# -> 1 @ 0.115ns   (?)
|   F1 -> 0 @ 0.117ns   (0.002ns)
| critical path for last transition of F0:
|   B0 -> 1 @ 900.000ns , node was an input
|   part_5_0[0]/a_58_n35# -> 0 @ 900.109ns   (0.109ns)
|   F0 -> 1 @ 900.112ns   (0.003ns)
| F=001 B=010 A=001 
| time = 1100.000ns
| critical path for last transition of F2:
|   transition of B2, which has since changed again
|   part_5_0[2]/a_58_n35# -> 1 @ 0.115ns   (?)
|   F2 -> 0 @ 0.117ns   (0.002ns)
| critical path for last transition of F1:
|   B1 -> 1 @ 1000.000ns , node was an input
|   part_5_0[1]/A_OUT -> 0 @ 1000.098ns   (0.098ns)
|   part_5_0[2]/C_IN -> 1 @ 1000.429ns   (0.331ns)
|   part_5_0[2]/CIN_OUT -> 0 @ 1000.589ns   (0.160ns)
|   part_5_0[0]/SEL -> 1 @ 1001.355ns   (0.766ns)
|   part_5_0[1]/a_84_n74# -> 0 @ 1001.542ns   (0.187ns)
|   part_5_0[1]/a_58_n35# -> 1 @ 1001.675ns   (0.133ns)
|   F1 -> 0 @ 1001.677ns   (0.002ns)
| critical path for last transition of F0:
|   B1 -> 1 @ 1000.000ns , node was an input
|   part_5_0[1]/A_OUT -> 0 @ 1000.098ns   (0.098ns)
|   part_5_0[2]/C_IN -> 1 @ 1000.429ns   (0.331ns)
|   part_5_0[2]/CIN_OUT -> 0 @ 1000.589ns   (0.160ns)
|   part_5_0[0]/SEL -> 1 @ 1001.355ns   (0.766ns)
|   part_5_0[0]/a_84_n16# -> 0 @ 1001.546ns   (0.191ns)
|   F0 -> 1 @ 1001.549ns   (0.003ns)
| F=001 B=011 A=001 
| time = 1200.000ns
| critical path for last transition of F2:
|   transition of B2, which has since changed again
|   part_5_0[2]/a_58_n35# -> 1 @ 0.115ns   (?)
|   F2 -> 0 @ 0.117ns   (0.002ns)
| critical path for last transition of F1:
|   B1 -> 1 @ 1000.000ns , node was an input
|   part_5_0[1]/A_OUT -> 0 @ 1000.098ns   (0.098ns)
|   part_5_0[2]/C_IN -> 1 @ 1000.429ns   (0.331ns)
|   part_5_0[2]/CIN_OUT -> 0 @ 1000.589ns   (0.160ns)
|   part_5_0[0]/SEL -> 1 @ 1001.355ns   (0.766ns)
|   part_5_0[1]/a_84_n74# -> 0 @ 1001.542ns   (0.187ns)
|   part_5_0[1]/a_58_n35# -> 1 @ 1001.675ns   (0.133ns)
|   F1 -> 0 @ 1001.677ns   (0.002ns)
| critical path for last transition of F0:
|   B1 -> 1 @ 1000.000ns , node was an input
|   part_5_0[1]/A_OUT -> 0 @ 1000.098ns   (0.098ns)
|   part_5_0[2]/C_IN -> 1 @ 1000.429ns   (0.331ns)
|   part_5_0[2]/CIN_OUT -> 0 @ 1000.589ns   (0.160ns)
|   part_5_0[0]/SEL -> 1 @ 1001.355ns   (0.766ns)
|   part_5_0[0]/a_84_n16# -> 0 @ 1001.546ns   (0.191ns)
|   F0 -> 1 @ 1001.549ns   (0.003ns)
| F=001 B=100 A=001 
| time = 1300.000ns
| critical path for last transition of F2:
|   transition of B2, which has since changed again
|   part_5_0[2]/a_58_n35# -> 1 @ 0.115ns   (?)
|   F2 -> 0 @ 0.117ns   (0.002ns)
| critical path for last transition of F1:
|   transition of part_5_0[2]/CIN_OUT, which has since changed again
|   part_5_0[0]/SEL -> 1 @ 1001.355ns   (?)
|   part_5_0[1]/a_84_n74# -> 0 @ 1001.542ns   (0.187ns)
|   part_5_0[1]/a_58_n35# -> 1 @ 1001.675ns   (0.133ns)
|   F1 -> 0 @ 1001.677ns   (0.002ns)
| critical path for last transition of F0:
|   transition of part_5_0[2]/CIN_OUT, which has since changed again
|   part_5_0[0]/SEL -> 1 @ 1001.355ns   (?)
|   part_5_0[0]/a_84_n16# -> 0 @ 1001.546ns   (0.191ns)
|   F0 -> 1 @ 1001.549ns   (0.003ns)
| F=001 B=101 A=001 
| time = 1400.000ns
| critical path for last transition of F2:
|   transition of B2, which has since changed again
|   part_5_0[2]/a_58_n35# -> 1 @ 0.115ns   (?)
|   F2 -> 0 @ 0.117ns   (0.002ns)
| critical path for last transition of F1:
|   transition of part_5_0[2]/CIN_OUT, which has since changed again
|   part_5_0[0]/SEL -> 1 @ 1001.355ns   (?)
|   part_5_0[1]/a_84_n74# -> 0 @ 1001.542ns   (0.187ns)
|   part_5_0[1]/a_58_n35# -> 1 @ 1001.675ns   (0.133ns)
|   F1 -> 0 @ 1001.677ns   (0.002ns)
| critical path for last transition of F0:
|   transition of part_5_0[2]/CIN_OUT, which has since changed again
|   part_5_0[0]/SEL -> 1 @ 1001.355ns   (?)
|   part_5_0[0]/a_84_n16# -> 0 @ 1001.546ns   (0.191ns)
|   F0 -> 1 @ 1001.549ns   (0.003ns)
| F=001 B=110 A=001 
| time = 1500.000ns
| critical path for last transition of F2:
|   transition of B2, which has since changed again
|   part_5_0[2]/a_58_n35# -> 1 @ 0.115ns   (?)
|   F2 -> 0 @ 0.117ns   (0.002ns)
| critical path for last transition of F1:
|   transition of part_5_0[2]/CIN_OUT, which has since changed again
|   part_5_0[0]/SEL -> 1 @ 1001.355ns   (?)
|   part_5_0[1]/a_84_n74# -> 0 @ 1001.542ns   (0.187ns)
|   part_5_0[1]/a_58_n35# -> 1 @ 1001.675ns   (0.133ns)
|   F1 -> 0 @ 1001.677ns   (0.002ns)
| critical path for last transition of F0:
|   transition of part_5_0[2]/CIN_OUT, which has since changed again
|   part_5_0[0]/SEL -> 1 @ 1001.355ns   (?)
|   part_5_0[0]/a_84_n16# -> 0 @ 1001.546ns   (0.191ns)
|   F0 -> 1 @ 1001.549ns   (0.003ns)
| F=001 B=111 A=001 
| time = 1600.000ns
| critical path for last transition of F2:
|   transition of B2, which has since changed again
|   part_5_0[2]/a_58_n35# -> 1 @ 0.115ns   (?)
|   F2 -> 0 @ 0.117ns   (0.002ns)
| critical path for last transition of F1:
|   transition of part_5_0[2]/CIN_OUT, which has since changed again
|   part_5_0[0]/SEL -> 1 @ 1001.355ns   (?)
|   part_5_0[1]/a_84_n74# -> 0 @ 1001.542ns   (0.187ns)
|   part_5_0[1]/a_58_n35# -> 1 @ 1001.675ns   (0.133ns)
|   F1 -> 0 @ 1001.677ns   (0.002ns)
| critical path for last transition of F0:
|   transition of part_5_0[2]/CIN_OUT, which has since changed again
|   part_5_0[0]/SEL -> 1 @ 1001.355ns   (?)
|   part_5_0[0]/a_84_n16# -> 0 @ 1001.546ns   (0.191ns)
|   F0 -> 1 @ 1001.549ns   (0.003ns)
| F=000 B=000 A=010 
| time = 1700.000ns
| critical path for last transition of F2:
|   transition of B2, which has since changed again
|   part_5_0[2]/a_58_n35# -> 1 @ 0.115ns   (?)
|   F2 -> 0 @ 0.117ns   (0.002ns)
| critical path for last transition of F1:
|   B1 -> 0 @ 1600.000ns , node was an input
|   part_5_0[1]/A_OUT -> 1 @ 1600.104ns   (0.104ns)
|   part_5_0[2]/C_IN -> 0 @ 1600.525ns   (0.421ns)
|   part_5_0[2]/CIN_OUT -> 1 @ 1600.755ns   (0.230ns)
|   part_5_0[0]/SEL -> 0 @ 1601.793ns   (1.038ns)
|   part_5_0[1]/a_84_n16# -> 1 @ 1602.087ns   (0.294ns)
|   F1 -> 0 @ 1602.089ns   (0.002ns)
| critical path for last transition of F0:
|   A0 -> 0 @ 1600.000ns , node was an input
|   part_5_0[0]/a_84_n16# -> 1 @ 1600.071ns   (0.071ns)
|   F0 -> 0 @ 1600.073ns   (0.002ns)
| F=001 B=001 A=010 
| time = 1800.000ns
| critical path for last transition of F2:
|   transition of B2, which has since changed again
|   part_5_0[2]/a_58_n35# -> 1 @ 0.115ns   (?)
|   F2 -> 0 @ 0.117ns   (0.002ns)
| critical path for last transition of F1:
|   B1 -> 0 @ 1600.000ns , node was an input
|   part_5_0[1]/A_OUT -> 1 @ 1600.104ns   (0.104ns)
|   part_5_0[2]/C_IN -> 0 @ 1600.525ns   (0.421ns)
|   part_5_0[2]/CIN_OUT -> 1 @ 1600.755ns   (0.230ns)
|   part_5_0[0]/SEL -> 0 @ 1601.793ns   (1.038ns)
|   part_5_0[1]/a_84_n16# -> 1 @ 1602.087ns   (0.294ns)
|   F1 -> 0 @ 1602.089ns   (0.002ns)
| critical path for last transition of F0:
|   B0 -> 1 @ 1700.000ns , node was an input
|   part_5_0[0]/a_58_n35# -> 0 @ 1700.109ns   (0.109ns)
|   F0 -> 1 @ 1700.112ns   (0.003ns)
| F=010 B=010 A=010 
| time = 1900.000ns
| critical path for last transition of F2:
|   transition of B2, which has since changed again
|   part_5_0[2]/a_58_n35# -> 1 @ 0.115ns   (?)
|   F2 -> 0 @ 0.117ns   (0.002ns)
| critical path for last transition of F1:
|   B0 -> 0 @ 1800.000ns , node was an input
|   part_5_0[0]/A_OUT -> 1 @ 1800.104ns   (0.104ns)
|   part_5_0[1]/C_IN -> 0 @ 1800.525ns   (0.421ns)
|   part_5_0[1]/B_OUT -> 1 @ 1800.736ns   (0.211ns)
|   part_5_0[2]/C_IN -> 0 @ 1801.152ns   (0.416ns)
|   part_5_0[2]/CIN_OUT -> 1 @ 1801.382ns   (0.230ns)
|   part_5_0[0]/SEL -> 0 @ 1802.420ns   (1.038ns)
|   part_5_0[1]/a_84_n74# -> 1 @ 1802.722ns   (0.302ns)
|   part_5_0[1]/a_58_n35# -> 0 @ 1802.853ns   (0.131ns)
|   F1 -> 1 @ 1802.856ns   (0.003ns)
| critical path for last transition of F0:
|   B0 -> 0 @ 1800.000ns , node was an input
|   part_5_0[0]/a_58_n35# -> 1 @ 1800.115ns   (0.115ns)
|   F0 -> 0 @ 1800.117ns   (0.002ns)
| F=010 B=011 A=010 
| time = 2000.000ns
| critical path for last transition of F2:
|   transition of B2, which has since changed again
|   part_5_0[2]/a_58_n35# -> 1 @ 0.115ns   (?)
|   F2 -> 0 @ 0.117ns   (0.002ns)
| critical path for last transition of F1:
|   transition of part_5_0[1]/a_58_n35#, which has since changed again
|   F1 -> 1 @ 1802.856ns   (?)
| critical path for last transition of F0:
|   B0 -> 1 @ 1900.000ns , node was an input
|   part_5_0[0]/A_OUT -> 0 @ 1900.098ns   (0.098ns)
|   part_5_0[1]/C_IN -> 1 @ 1900.429ns   (0.331ns)
|   part_5_0[1]/B_OUT -> 0 @ 1900.574ns   (0.145ns)
|   part_5_0[2]/C_IN -> 1 @ 1900.896ns   (0.322ns)
|   part_5_0[2]/CIN_OUT -> 0 @ 1901.056ns   (0.160ns)
|   part_5_0[0]/SEL -> 1 @ 1901.822ns   (0.766ns)
|   part_5_0[0]/a_84_n74# -> 0 @ 1902.009ns   (0.187ns)
|   part_5_0[0]/a_58_n35# -> 1 @ 1902.142ns   (0.133ns)
|   F0 -> 0 @ 1902.144ns   (0.002ns)
| F=010 B=100 A=010 
| time = 2100.000ns
| critical path for last transition of F2:
|   transition of B2, which has since changed again
|   part_5_0[2]/a_58_n35# -> 1 @ 0.115ns   (?)
|   F2 -> 0 @ 0.117ns   (0.002ns)
| critical path for last transition of F1:
|   transition of part_5_0[1]/a_58_n35#, which has since changed again
|   F1 -> 1 @ 1802.856ns   (?)
| critical path for last transition of F0:
|   transition of part_5_0[2]/CIN_OUT, which has since changed again
|   part_5_0[0]/SEL -> 1 @ 1901.822ns   (?)
|   part_5_0[0]/a_84_n74# -> 0 @ 1902.009ns   (0.187ns)
|   part_5_0[0]/a_58_n35# -> 1 @ 1902.142ns   (0.133ns)
|   F0 -> 0 @ 1902.144ns   (0.002ns)
| F=010 B=101 A=010 
| time = 2200.000ns
| critical path for last transition of F2:
|   transition of B2, which has since changed again
|   part_5_0[2]/a_58_n35# -> 1 @ 0.115ns   (?)
|   F2 -> 0 @ 0.117ns   (0.002ns)
| critical path for last transition of F1:
|   transition of part_5_0[1]/a_58_n35#, which has since changed again
|   F1 -> 1 @ 1802.856ns   (?)
| critical path for last transition of F0:
|   transition of part_5_0[2]/CIN_OUT, which has since changed again
|   part_5_0[0]/SEL -> 1 @ 1901.822ns   (?)
|   part_5_0[0]/a_84_n74# -> 0 @ 1902.009ns   (0.187ns)
|   part_5_0[0]/a_58_n35# -> 1 @ 1902.142ns   (0.133ns)
|   F0 -> 0 @ 1902.144ns   (0.002ns)
| F=010 B=110 A=010 
| time = 2300.000ns
| critical path for last transition of F2:
|   transition of B2, which has since changed again
|   part_5_0[2]/a_58_n35# -> 1 @ 0.115ns   (?)
|   F2 -> 0 @ 0.117ns   (0.002ns)
| critical path for last transition of F1:
|   transition of part_5_0[1]/a_58_n35#, which has since changed again
|   F1 -> 1 @ 1802.856ns   (?)
| critical path for last transition of F0:
|   transition of part_5_0[2]/CIN_OUT, which has since changed again
|   part_5_0[0]/SEL -> 1 @ 1901.822ns   (?)
|   part_5_0[0]/a_84_n74# -> 0 @ 1902.009ns   (0.187ns)
|   part_5_0[0]/a_58_n35# -> 1 @ 1902.142ns   (0.133ns)
|   F0 -> 0 @ 1902.144ns   (0.002ns)
| F=010 B=111 A=010 
| time = 2400.000ns
| critical path for last transition of F2:
|   transition of B2, which has since changed again
|   part_5_0[2]/a_58_n35# -> 1 @ 0.115ns   (?)
|   F2 -> 0 @ 0.117ns   (0.002ns)
| critical path for last transition of F1:
|   transition of part_5_0[1]/a_58_n35#, which has since changed again
|   F1 -> 1 @ 1802.856ns   (?)
| critical path for last transition of F0:
|   transition of part_5_0[2]/CIN_OUT, which has since changed again
|   part_5_0[0]/SEL -> 1 @ 1901.822ns   (?)
|   part_5_0[0]/a_84_n74# -> 0 @ 1902.009ns   (0.187ns)
|   part_5_0[0]/a_58_n35# -> 1 @ 1902.142ns   (0.133ns)
|   F0 -> 0 @ 1902.144ns   (0.002ns)
| F=000 B=000 A=011 
| time = 2500.000ns
| critical path for last transition of F2:
|   transition of B2, which has since changed again
|   part_5_0[2]/a_58_n35# -> 1 @ 0.115ns   (?)
|   F2 -> 0 @ 0.117ns   (0.002ns)
| critical path for last transition of F1:
|   B1 -> 0 @ 2400.000ns , node was an input
|   part_5_0[1]/B_OUT -> 1 @ 2400.084ns   (0.084ns)
|   part_5_0[2]/C_IN -> 0 @ 2400.500ns   (0.416ns)
|   part_5_0[2]/CIN_OUT -> 1 @ 2400.730ns   (0.230ns)
|   part_5_0[0]/SEL -> 0 @ 2401.768ns   (1.038ns)
|   part_5_0[1]/a_84_n16# -> 1 @ 2402.062ns   (0.294ns)
|   F1 -> 0 @ 2402.064ns   (0.002ns)
| critical path for last transition of F0:
|   B1 -> 0 @ 2400.000ns , node was an input
|   part_5_0[1]/B_OUT -> 1 @ 2400.084ns   (0.084ns)
|   part_5_0[2]/C_IN -> 0 @ 2400.500ns   (0.416ns)
|   part_5_0[2]/CIN_OUT -> 1 @ 2400.730ns   (0.230ns)
|   part_5_0[0]/SEL -> 0 @ 2401.768ns   (1.038ns)
|   part_5_0[0]/a_84_n16# -> 1 @ 2402.062ns   (0.294ns)
|   F0 -> 0 @ 2402.064ns   (0.002ns)
| F=001 B=001 A=011 
| time = 2600.000ns
| critical path for last transition of F2:
|   transition of B2, which has since changed again
|   part_5_0[2]/a_58_n35# -> 1 @ 0.115ns   (?)
|   F2 -> 0 @ 0.117ns   (0.002ns)
| critical path for last transition of F1:
|   B1 -> 0 @ 2400.000ns , node was an input
|   part_5_0[1]/B_OUT -> 1 @ 2400.084ns   (0.084ns)
|   part_5_0[2]/C_IN -> 0 @ 2400.500ns   (0.416ns)
|   part_5_0[2]/CIN_OUT -> 1 @ 2400.730ns   (0.230ns)
|   part_5_0[0]/SEL -> 0 @ 2401.768ns   (1.038ns)
|   part_5_0[1]/a_84_n16# -> 1 @ 2402.062ns   (0.294ns)
|   F1 -> 0 @ 2402.064ns   (0.002ns)
| critical path for last transition of F0:
|   B0 -> 1 @ 2500.000ns , node was an input
|   part_5_0[0]/a_58_n35# -> 0 @ 2500.109ns   (0.109ns)
|   F0 -> 1 @ 2500.112ns   (0.003ns)
| F=010 B=010 A=011 
| time = 2700.000ns
| critical path for last transition of F2:
|   transition of B2, which has since changed again
|   part_5_0[2]/a_58_n35# -> 1 @ 0.115ns   (?)
|   F2 -> 0 @ 0.117ns   (0.002ns)
| critical path for last transition of F1:
|   B1 -> 1 @ 2600.000ns , node was an input
|   part_5_0[1]/a_58_n35# -> 0 @ 2600.109ns   (0.109ns)
|   F1 -> 1 @ 2600.112ns   (0.003ns)
| critical path for last transition of F0:
|   B0 -> 0 @ 2600.000ns , node was an input
|   part_5_0[0]/a_58_n35# -> 1 @ 2600.115ns   (0.115ns)
|   F0 -> 0 @ 2600.117ns   (0.002ns)
| F=011 B=011 A=011 
| time = 2800.000ns
| critical path for last transition of F2:
|   transition of B2, which has since changed again
|   part_5_0[2]/a_58_n35# -> 1 @ 0.115ns   (?)
|   F2 -> 0 @ 0.117ns   (0.002ns)
| critical path for last transition of F1:
|   B1 -> 1 @ 2600.000ns , node was an input
|   part_5_0[1]/a_58_n35# -> 0 @ 2600.109ns   (0.109ns)
|   F1 -> 1 @ 2600.112ns   (0.003ns)
| critical path for last transition of F0:
|   B0 -> 1 @ 2700.000ns , node was an input
|   part_5_0[0]/a_58_n35# -> 0 @ 2700.109ns   (0.109ns)
|   F0 -> 1 @ 2700.112ns   (0.003ns)
| F=011 B=100 A=011 
| time = 2900.000ns
| critical path for last transition of F2:
|   B2 -> 1 @ 2800.000ns , node was an input
|   part_5_0[2]/A_OUT -> 0 @ 2800.098ns   (0.098ns)
|   part_5_0[0]/SEL -> 1 @ 2800.868ns   (0.770ns)
|   part_5_0[2]/a_84_n74# -> 0 @ 2801.055ns   (0.187ns)
|   part_5_0[2]/a_58_n35# -> 1 @ 2801.188ns   (0.133ns)
|   F2 -> 0 @ 2801.190ns   (0.002ns)
| critical path for last transition of F1:
|   B2 -> 1 @ 2800.000ns , node was an input
|   part_5_0[2]/A_OUT -> 0 @ 2800.098ns   (0.098ns)
|   part_5_0[0]/SEL -> 1 @ 2800.868ns   (0.770ns)
|   part_5_0[1]/a_84_n16# -> 0 @ 2801.059ns   (0.191ns)
|   F1 -> 1 @ 2801.062ns   (0.003ns)
| critical path for last transition of F0:
|   B2 -> 1 @ 2800.000ns , node was an input
|   part_5_0[2]/A_OUT -> 0 @ 2800.098ns   (0.098ns)
|   part_5_0[0]/SEL -> 1 @ 2800.868ns   (0.770ns)
|   part_5_0[0]/a_84_n16# -> 0 @ 2801.059ns   (0.191ns)
|   F0 -> 1 @ 2801.062ns   (0.003ns)
| F=011 B=101 A=011 
| time = 3000.000ns
| critical path for last transition of F2:
|   B2 -> 1 @ 2800.000ns , node was an input
|   part_5_0[2]/A_OUT -> 0 @ 2800.098ns   (0.098ns)
|   part_5_0[0]/SEL -> 1 @ 2800.868ns   (0.770ns)
|   part_5_0[2]/a_84_n74# -> 0 @ 2801.055ns   (0.187ns)
|   part_5_0[2]/a_58_n35# -> 1 @ 2801.188ns   (0.133ns)
|   F2 -> 0 @ 2801.190ns   (0.002ns)
| critical path for last transition of F1:
|   B2 -> 1 @ 2800.000ns , node was an input
|   part_5_0[2]/A_OUT -> 0 @ 2800.098ns   (0.098ns)
|   part_5_0[0]/SEL -> 1 @ 2800.868ns   (0.770ns)
|   part_5_0[1]/a_84_n16# -> 0 @ 2801.059ns   (0.191ns)
|   F1 -> 1 @ 2801.062ns   (0.003ns)
| critical path for last transition of F0:
|   B2 -> 1 @ 2800.000ns , node was an input
|   part_5_0[2]/A_OUT -> 0 @ 2800.098ns   (0.098ns)
|   part_5_0[0]/SEL -> 1 @ 2800.868ns   (0.770ns)
|   part_5_0[0]/a_84_n16# -> 0 @ 2801.059ns   (0.191ns)
|   F0 -> 1 @ 2801.062ns   (0.003ns)
| F=011 B=110 A=011 
| time = 3100.000ns
| critical path for last transition of F2:
|   B2 -> 1 @ 2800.000ns , node was an input
|   part_5_0[2]/A_OUT -> 0 @ 2800.098ns   (0.098ns)
|   part_5_0[0]/SEL -> 1 @ 2800.868ns   (0.770ns)
|   part_5_0[2]/a_84_n74# -> 0 @ 2801.055ns   (0.187ns)
|   part_5_0[2]/a_58_n35# -> 1 @ 2801.188ns   (0.133ns)
|   F2 -> 0 @ 2801.190ns   (0.002ns)
| critical path for last transition of F1:
|   B2 -> 1 @ 2800.000ns , node was an input
|   part_5_0[2]/A_OUT -> 0 @ 2800.098ns   (0.098ns)
|   part_5_0[0]/SEL -> 1 @ 2800.868ns   (0.770ns)
|   part_5_0[1]/a_84_n16# -> 0 @ 2801.059ns   (0.191ns)
|   F1 -> 1 @ 2801.062ns   (0.003ns)
| critical path for last transition of F0:
|   B2 -> 1 @ 2800.000ns , node was an input
|   part_5_0[2]/A_OUT -> 0 @ 2800.098ns   (0.098ns)
|   part_5_0[0]/SEL -> 1 @ 2800.868ns   (0.770ns)
|   part_5_0[0]/a_84_n16# -> 0 @ 2801.059ns   (0.191ns)
|   F0 -> 1 @ 2801.062ns   (0.003ns)
| F=011 B=111 A=011 
| time = 3200.000ns
| critical path for last transition of F2:
|   B2 -> 1 @ 2800.000ns , node was an input
|   part_5_0[2]/A_OUT -> 0 @ 2800.098ns   (0.098ns)
|   part_5_0[0]/SEL -> 1 @ 2800.868ns   (0.770ns)
|   part_5_0[2]/a_84_n74# -> 0 @ 2801.055ns   (0.187ns)
|   part_5_0[2]/a_58_n35# -> 1 @ 2801.188ns   (0.133ns)
|   F2 -> 0 @ 2801.190ns   (0.002ns)
| critical path for last transition of F1:
|   B2 -> 1 @ 2800.000ns , node was an input
|   part_5_0[2]/A_OUT -> 0 @ 2800.098ns   (0.098ns)
|   part_5_0[0]/SEL -> 1 @ 2800.868ns   (0.770ns)
|   part_5_0[1]/a_84_n16# -> 0 @ 2801.059ns   (0.191ns)
|   F1 -> 1 @ 2801.062ns   (0.003ns)
| critical path for last transition of F0:
|   B2 -> 1 @ 2800.000ns , node was an input
|   part_5_0[2]/A_OUT -> 0 @ 2800.098ns   (0.098ns)
|   part_5_0[0]/SEL -> 1 @ 2800.868ns   (0.770ns)
|   part_5_0[0]/a_84_n16# -> 0 @ 2801.059ns   (0.191ns)
|   F0 -> 1 @ 2801.062ns   (0.003ns)
| F=000 B=000 A=100 
| time = 3300.000ns
| critical path for last transition of F2:
|   B2 -> 0 @ 3200.000ns , node was an input
|   part_5_0[2]/A_OUT -> 1 @ 3200.104ns   (0.104ns)
|   part_5_0[0]/SEL -> 0 @ 3201.144ns   (1.040ns)
|   part_5_0[2]/a_84_n16# -> 1 @ 3201.438ns   (0.294ns)
|   F2 -> 0 @ 3201.440ns   (0.002ns)
| critical path for last transition of F1:
|   A1 -> 0 @ 3200.000ns , node was an input
|   part_5_0[1]/a_84_n16# -> 1 @ 3200.071ns   (0.071ns)
|   F1 -> 0 @ 3200.073ns   (0.002ns)
| critical path for last transition of F0:
|   A0 -> 0 @ 3200.000ns , node was an input
|   part_5_0[0]/a_84_n16# -> 1 @ 3200.071ns   (0.071ns)
|   F0 -> 0 @ 3200.073ns   (0.002ns)
| F=001 B=001 A=100 
| time = 3400.000ns
| critical path for last transition of F2:
|   B2 -> 0 @ 3200.000ns , node was an input
|   part_5_0[2]/A_OUT -> 1 @ 3200.104ns   (0.104ns)
|   part_5_0[0]/SEL -> 0 @ 3201.144ns   (1.040ns)
|   part_5_0[2]/a_84_n16# -> 1 @ 3201.438ns   (0.294ns)
|   F2 -> 0 @ 3201.440ns   (0.002ns)
| critical path for last transition of F1:
|   A1 -> 0 @ 3200.000ns , node was an input
|   part_5_0[1]/a_84_n16# -> 1 @ 3200.071ns   (0.071ns)
|   F1 -> 0 @ 3200.073ns   (0.002ns)
| critical path for last transition of F0:
|   B0 -> 1 @ 3300.000ns , node was an input
|   part_5_0[0]/a_58_n35# -> 0 @ 3300.109ns   (0.109ns)
|   F0 -> 1 @ 3300.112ns   (0.003ns)
| F=010 B=010 A=100 
| time = 3500.000ns
| critical path for last transition of F2:
|   B2 -> 0 @ 3200.000ns , node was an input
|   part_5_0[2]/A_OUT -> 1 @ 3200.104ns   (0.104ns)
|   part_5_0[0]/SEL -> 0 @ 3201.144ns   (1.040ns)
|   part_5_0[2]/a_84_n16# -> 1 @ 3201.438ns   (0.294ns)
|   F2 -> 0 @ 3201.440ns   (0.002ns)
| critical path for last transition of F1:
|   B1 -> 1 @ 3400.000ns , node was an input
|   part_5_0[1]/a_58_n35# -> 0 @ 3400.109ns   (0.109ns)
|   F1 -> 1 @ 3400.112ns   (0.003ns)
| critical path for last transition of F0:
|   B0 -> 0 @ 3400.000ns , node was an input
|   part_5_0[0]/a_58_n35# -> 1 @ 3400.115ns   (0.115ns)
|   F0 -> 0 @ 3400.117ns   (0.002ns)
| F=011 B=011 A=100 
| time = 3600.000ns
| critical path for last transition of F2:
|   B2 -> 0 @ 3200.000ns , node was an input
|   part_5_0[2]/A_OUT -> 1 @ 3200.104ns   (0.104ns)
|   part_5_0[0]/SEL -> 0 @ 3201.144ns   (1.040ns)
|   part_5_0[2]/a_84_n16# -> 1 @ 3201.438ns   (0.294ns)
|   F2 -> 0 @ 3201.440ns   (0.002ns)
| critical path for last transition of F1:
|   B1 -> 1 @ 3400.000ns , node was an input
|   part_5_0[1]/a_58_n35# -> 0 @ 3400.109ns   (0.109ns)
|   F1 -> 1 @ 3400.112ns   (0.003ns)
| critical path for last transition of F0:
|   B0 -> 1 @ 3500.000ns , node was an input
|   part_5_0[0]/a_58_n35# -> 0 @ 3500.109ns   (0.109ns)
|   F0 -> 1 @ 3500.112ns   (0.003ns)
| F=100 B=100 A=100 
| time = 3700.000ns
| critical path for last transition of F2:
|   B0 -> 0 @ 3600.000ns , node was an input
|   part_5_0[0]/A_OUT -> 1 @ 3600.104ns   (0.104ns)
|   part_5_0[1]/C_IN -> 0 @ 3600.525ns   (0.421ns)
|   part_5_0[1]/CIN_OUT -> 1 @ 3600.755ns   (0.230ns)
|   part_5_0[2]/C_IN -> 0 @ 3601.174ns   (0.419ns)
|   part_5_0[2]/B_OUT -> 1 @ 3601.385ns   (0.211ns)
|   part_5_0[0]/SEL -> 0 @ 3602.420ns   (1.035ns)
|   part_5_0[2]/a_84_n74# -> 1 @ 3602.722ns   (0.302ns)
|   part_5_0[2]/a_58_n35# -> 0 @ 3602.853ns   (0.131ns)
|   F2 -> 1 @ 3602.856ns   (0.003ns)
| critical path for last transition of F1:
|   B1 -> 0 @ 3600.000ns , node was an input
|   part_5_0[1]/a_58_n35# -> 1 @ 3600.115ns   (0.115ns)
|   F1 -> 0 @ 3600.117ns   (0.002ns)
| critical path for last transition of F0:
|   B0 -> 0 @ 3600.000ns , node was an input
|   part_5_0[0]/a_58_n35# -> 1 @ 3600.115ns   (0.115ns)
|   F0 -> 0 @ 3600.117ns   (0.002ns)
| F=100 B=101 A=100 
| time = 3800.000ns
| critical path for last transition of F2:
|   transition of part_5_0[2]/a_58_n35#, which has since changed again
|   F2 -> 1 @ 3602.856ns   (?)
| critical path for last transition of F1:
|   B1 -> 0 @ 3600.000ns , node was an input
|   part_5_0[1]/a_58_n35# -> 1 @ 3600.115ns   (0.115ns)
|   F1 -> 0 @ 3600.117ns   (0.002ns)
| critical path for last transition of F0:
|   B0 -> 1 @ 3700.000ns , node was an input
|   part_5_0[0]/A_OUT -> 0 @ 3700.098ns   (0.098ns)
|   part_5_0[1]/C_IN -> 1 @ 3700.429ns   (0.331ns)
|   part_5_0[1]/CIN_OUT -> 0 @ 3700.589ns   (0.160ns)
|   part_5_0[2]/C_IN -> 1 @ 3700.917ns   (0.328ns)
|   part_5_0[2]/B_OUT -> 0 @ 3701.062ns   (0.145ns)
|   part_5_0[0]/SEL -> 1 @ 3701.822ns   (0.760ns)
|   part_5_0[0]/a_84_n74# -> 0 @ 3702.009ns   (0.187ns)
|   part_5_0[0]/a_58_n35# -> 1 @ 3702.142ns   (0.133ns)
|   F0 -> 0 @ 3702.144ns   (0.002ns)
| F=100 B=110 A=100 
| time = 3900.000ns
| critical path for last transition of F2:
|   transition of part_5_0[2]/a_58_n35#, which has since changed again
|   F2 -> 1 @ 3602.856ns   (?)
| critical path for last transition of F1:
|   transition of B1, which has since changed again
|   part_5_0[1]/a_58_n35# -> 1 @ 3600.115ns   (?)
|   F1 -> 0 @ 3600.117ns   (0.002ns)
| critical path for last transition of F0:
|   transition of part_5_0[1]/CIN_OUT, which has since changed again
|   part_5_0[2]/C_IN -> 1 @ 3700.917ns   (?)
|   part_5_0[2]/B_OUT -> 0 @ 3701.062ns   (0.145ns)
|   part_5_0[0]/SEL -> 1 @ 3701.822ns   (0.760ns)
|   part_5_0[0]/a_84_n74# -> 0 @ 3702.009ns   (0.187ns)
|   part_5_0[0]/a_58_n35# -> 1 @ 3702.142ns   (0.133ns)
|   F0 -> 0 @ 3702.144ns   (0.002ns)
| F=100 B=111 A=100 
| time = 4000.000ns
| critical path for last transition of F2:
|   transition of part_5_0[2]/a_58_n35#, which has since changed again
|   F2 -> 1 @ 3602.856ns   (?)
| critical path for last transition of F1:
|   transition of B1, which has since changed again
|   part_5_0[1]/a_58_n35# -> 1 @ 3600.115ns   (?)
|   F1 -> 0 @ 3600.117ns   (0.002ns)
| critical path for last transition of F0:
|   transition of part_5_0[1]/CIN_OUT, which has since changed again
|   part_5_0[2]/C_IN -> 1 @ 3700.917ns   (?)
|   part_5_0[2]/B_OUT -> 0 @ 3701.062ns   (0.145ns)
|   part_5_0[0]/SEL -> 1 @ 3701.822ns   (0.760ns)
|   part_5_0[0]/a_84_n74# -> 0 @ 3702.009ns   (0.187ns)
|   part_5_0[0]/a_58_n35# -> 1 @ 3702.142ns   (0.133ns)
|   F0 -> 0 @ 3702.144ns   (0.002ns)
| F=000 B=000 A=101 
| time = 4100.000ns
| critical path for last transition of F2:
|   B2 -> 0 @ 4000.000ns , node was an input
|   part_5_0[2]/B_OUT -> 1 @ 4000.084ns   (0.084ns)
|   part_5_0[0]/SEL -> 0 @ 4001.119ns   (1.035ns)
|   part_5_0[2]/a_84_n16# -> 1 @ 4001.413ns   (0.294ns)
|   F2 -> 0 @ 4001.415ns   (0.002ns)
| critical path for last transition of F1:
|   transition of B1, which has since changed again
|   part_5_0[1]/a_58_n35# -> 1 @ 3600.115ns   (?)
|   F1 -> 0 @ 3600.117ns   (0.002ns)
| critical path for last transition of F0:
|   B2 -> 0 @ 4000.000ns , node was an input
|   part_5_0[2]/B_OUT -> 1 @ 4000.084ns   (0.084ns)
|   part_5_0[0]/SEL -> 0 @ 4001.119ns   (1.035ns)
|   part_5_0[0]/a_84_n16# -> 1 @ 4001.413ns   (0.294ns)
|   F0 -> 0 @ 4001.415ns   (0.002ns)
| F=001 B=001 A=101 
| time = 4200.000ns
| critical path for last transition of F2:
|   B2 -> 0 @ 4000.000ns , node was an input
|   part_5_0[2]/B_OUT -> 1 @ 4000.084ns   (0.084ns)
|   part_5_0[0]/SEL -> 0 @ 4001.119ns   (1.035ns)
|   part_5_0[2]/a_84_n16# -> 1 @ 4001.413ns   (0.294ns)
|   F2 -> 0 @ 4001.415ns   (0.002ns)
| critical path for last transition of F1:
|   transition of B1, which has since changed again
|   part_5_0[1]/a_58_n35# -> 1 @ 3600.115ns   (?)
|   F1 -> 0 @ 3600.117ns   (0.002ns)
| critical path for last transition of F0:
|   B0 -> 1 @ 4100.000ns , node was an input
|   part_5_0[0]/a_58_n35# -> 0 @ 4100.109ns   (0.109ns)
|   F0 -> 1 @ 4100.112ns   (0.003ns)
| F=010 B=010 A=101 
| time = 4300.000ns
| critical path for last transition of F2:
|   B2 -> 0 @ 4000.000ns , node was an input
|   part_5_0[2]/B_OUT -> 1 @ 4000.084ns   (0.084ns)
|   part_5_0[0]/SEL -> 0 @ 4001.119ns   (1.035ns)
|   part_5_0[2]/a_84_n16# -> 1 @ 4001.413ns   (0.294ns)
|   F2 -> 0 @ 4001.415ns   (0.002ns)
| critical path for last transition of F1:
|   B1 -> 1 @ 4200.000ns , node was an input
|   part_5_0[1]/a_58_n35# -> 0 @ 4200.109ns   (0.109ns)
|   F1 -> 1 @ 4200.112ns   (0.003ns)
| critical path for last transition of F0:
|   B0 -> 0 @ 4200.000ns , node was an input
|   part_5_0[0]/a_58_n35# -> 1 @ 4200.115ns   (0.115ns)
|   F0 -> 0 @ 4200.117ns   (0.002ns)
| F=011 B=011 A=101 
| time = 4400.000ns
| critical path for last transition of F2:
|   B2 -> 0 @ 4000.000ns , node was an input
|   part_5_0[2]/B_OUT -> 1 @ 4000.084ns   (0.084ns)
|   part_5_0[0]/SEL -> 0 @ 4001.119ns   (1.035ns)
|   part_5_0[2]/a_84_n16# -> 1 @ 4001.413ns   (0.294ns)
|   F2 -> 0 @ 4001.415ns   (0.002ns)
| critical path for last transition of F1:
|   B1 -> 1 @ 4200.000ns , node was an input
|   part_5_0[1]/a_58_n35# -> 0 @ 4200.109ns   (0.109ns)
|   F1 -> 1 @ 4200.112ns   (0.003ns)
| critical path for last transition of F0:
|   B0 -> 1 @ 4300.000ns , node was an input
|   part_5_0[0]/a_58_n35# -> 0 @ 4300.109ns   (0.109ns)
|   F0 -> 1 @ 4300.112ns   (0.003ns)
| F=100 B=100 A=101 
| time = 4500.000ns
| critical path for last transition of F2:
|   B2 -> 1 @ 4400.000ns , node was an input
|   part_5_0[2]/a_58_n35# -> 0 @ 4400.109ns   (0.109ns)
|   F2 -> 1 @ 4400.112ns   (0.003ns)
| critical path for last transition of F1:
|   B1 -> 0 @ 4400.000ns , node was an input
|   part_5_0[1]/a_58_n35# -> 1 @ 4400.115ns   (0.115ns)
|   F1 -> 0 @ 4400.117ns   (0.002ns)
| critical path for last transition of F0:
|   B0 -> 0 @ 4400.000ns , node was an input
|   part_5_0[0]/a_58_n35# -> 1 @ 4400.115ns   (0.115ns)
|   F0 -> 0 @ 4400.117ns   (0.002ns)
| F=101 B=101 A=101 
| time = 4600.000ns
| critical path for last transition of F2:
|   B2 -> 1 @ 4400.000ns , node was an input
|   part_5_0[2]/a_58_n35# -> 0 @ 4400.109ns   (0.109ns)
|   F2 -> 1 @ 4400.112ns   (0.003ns)
| critical path for last transition of F1:
|   B1 -> 0 @ 4400.000ns , node was an input
|   part_5_0[1]/a_58_n35# -> 1 @ 4400.115ns   (0.115ns)
|   F1 -> 0 @ 4400.117ns   (0.002ns)
| critical path for last transition of F0:
|   B0 -> 1 @ 4500.000ns , node was an input
|   part_5_0[0]/a_58_n35# -> 0 @ 4500.109ns   (0.109ns)
|   F0 -> 1 @ 4500.112ns   (0.003ns)
| F=101 B=110 A=101 
| time = 4700.000ns
| critical path for last transition of F2:
|   transition of part_5_0[2]/a_58_n35#, which has since changed again
|   F2 -> 1 @ 4400.112ns   (?)
| critical path for last transition of F1:
|   B1 -> 1 @ 4600.000ns , node was an input
|   part_5_0[1]/A_OUT -> 0 @ 4600.098ns   (0.098ns)
|   part_5_0[2]/C_IN -> 1 @ 4600.429ns   (0.331ns)
|   part_5_0[2]/B_OUT -> 0 @ 4600.574ns   (0.145ns)
|   part_5_0[0]/SEL -> 1 @ 4601.334ns   (0.760ns)
|   part_5_0[1]/a_84_n74# -> 0 @ 4601.521ns   (0.187ns)
|   part_5_0[1]/a_58_n35# -> 1 @ 4601.654ns   (0.133ns)
|   F1 -> 0 @ 4601.656ns   (0.002ns)
| critical path for last transition of F0:
|   B1 -> 1 @ 4600.000ns , node was an input
|   part_5_0[1]/A_OUT -> 0 @ 4600.098ns   (0.098ns)
|   part_5_0[2]/C_IN -> 1 @ 4600.429ns   (0.331ns)
|   part_5_0[2]/B_OUT -> 0 @ 4600.574ns   (0.145ns)
|   part_5_0[0]/SEL -> 1 @ 4601.334ns   (0.760ns)
|   part_5_0[0]/a_84_n16# -> 0 @ 4601.525ns   (0.191ns)
|   F0 -> 1 @ 4601.528ns   (0.003ns)
| F=101 B=111 A=101 
| time = 4800.000ns
| critical path for last transition of F2:
|   transition of part_5_0[2]/a_58_n35#, which has since changed again
|   F2 -> 1 @ 4400.112ns   (?)
| critical path for last transition of F1:
|   B1 -> 1 @ 4600.000ns , node was an input
|   part_5_0[1]/A_OUT -> 0 @ 4600.098ns   (0.098ns)
|   part_5_0[2]/C_IN -> 1 @ 4600.429ns   (0.331ns)
|   part_5_0[2]/B_OUT -> 0 @ 4600.574ns   (0.145ns)
|   part_5_0[0]/SEL -> 1 @ 4601.334ns   (0.760ns)
|   part_5_0[1]/a_84_n74# -> 0 @ 4601.521ns   (0.187ns)
|   part_5_0[1]/a_58_n35# -> 1 @ 4601.654ns   (0.133ns)
|   F1 -> 0 @ 4601.656ns   (0.002ns)
| critical path for last transition of F0:
|   B1 -> 1 @ 4600.000ns , node was an input
|   part_5_0[1]/A_OUT -> 0 @ 4600.098ns   (0.098ns)
|   part_5_0[2]/C_IN -> 1 @ 4600.429ns   (0.331ns)
|   part_5_0[2]/B_OUT -> 0 @ 4600.574ns   (0.145ns)
|   part_5_0[0]/SEL -> 1 @ 4601.334ns   (0.760ns)
|   part_5_0[0]/a_84_n16# -> 0 @ 4601.525ns   (0.191ns)
|   F0 -> 1 @ 4601.528ns   (0.003ns)
| F=000 B=000 A=110 
| time = 4900.000ns
| critical path for last transition of F2:
|   B2 -> 0 @ 4800.000ns , node was an input
|   part_5_0[2]/B_OUT -> 1 @ 4800.084ns   (0.084ns)
|   part_5_0[0]/SEL -> 0 @ 4801.119ns   (1.035ns)
|   part_5_0[2]/a_84_n16# -> 1 @ 4801.413ns   (0.294ns)
|   F2 -> 0 @ 4801.415ns   (0.002ns)
| critical path for last transition of F1:
|   B2 -> 0 @ 4800.000ns , node was an input
|   part_5_0[2]/B_OUT -> 1 @ 4800.084ns   (0.084ns)
|   part_5_0[0]/SEL -> 0 @ 4801.119ns   (1.035ns)
|   part_5_0[1]/a_84_n16# -> 1 @ 4801.413ns   (0.294ns)
|   F1 -> 0 @ 4801.415ns   (0.002ns)
| critical path for last transition of F0:
|   A0 -> 0 @ 4800.000ns , node was an input
|   part_5_0[0]/a_84_n16# -> 1 @ 4800.071ns   (0.071ns)
|   F0 -> 0 @ 4800.073ns   (0.002ns)
| F=001 B=001 A=110 
| time = 5000.000ns
| critical path for last transition of F2:
|   B2 -> 0 @ 4800.000ns , node was an input
|   part_5_0[2]/B_OUT -> 1 @ 4800.084ns   (0.084ns)
|   part_5_0[0]/SEL -> 0 @ 4801.119ns   (1.035ns)
|   part_5_0[2]/a_84_n16# -> 1 @ 4801.413ns   (0.294ns)
|   F2 -> 0 @ 4801.415ns   (0.002ns)
| critical path for last transition of F1:
|   B2 -> 0 @ 4800.000ns , node was an input
|   part_5_0[2]/B_OUT -> 1 @ 4800.084ns   (0.084ns)
|   part_5_0[0]/SEL -> 0 @ 4801.119ns   (1.035ns)
|   part_5_0[1]/a_84_n16# -> 1 @ 4801.413ns   (0.294ns)
|   F1 -> 0 @ 4801.415ns   (0.002ns)
| critical path for last transition of F0:
|   B0 -> 1 @ 4900.000ns , node was an input
|   part_5_0[0]/a_58_n35# -> 0 @ 4900.109ns   (0.109ns)
|   F0 -> 1 @ 4900.112ns   (0.003ns)
| F=010 B=010 A=110 
| time = 5100.000ns
| critical path for last transition of F2:
|   B2 -> 0 @ 4800.000ns , node was an input
|   part_5_0[2]/B_OUT -> 1 @ 4800.084ns   (0.084ns)
|   part_5_0[0]/SEL -> 0 @ 4801.119ns   (1.035ns)
|   part_5_0[2]/a_84_n16# -> 1 @ 4801.413ns   (0.294ns)
|   F2 -> 0 @ 4801.415ns   (0.002ns)
| critical path for last transition of F1:
|   B1 -> 1 @ 5000.000ns , node was an input
|   part_5_0[1]/a_58_n35# -> 0 @ 5000.109ns   (0.109ns)
|   F1 -> 1 @ 5000.112ns   (0.003ns)
| critical path for last transition of F0:
|   B0 -> 0 @ 5000.000ns , node was an input
|   part_5_0[0]/a_58_n35# -> 1 @ 5000.115ns   (0.115ns)
|   F0 -> 0 @ 5000.117ns   (0.002ns)
| F=011 B=011 A=110 
| time = 5200.000ns
| critical path for last transition of F2:
|   B2 -> 0 @ 4800.000ns , node was an input
|   part_5_0[2]/B_OUT -> 1 @ 4800.084ns   (0.084ns)
|   part_5_0[0]/SEL -> 0 @ 4801.119ns   (1.035ns)
|   part_5_0[2]/a_84_n16# -> 1 @ 4801.413ns   (0.294ns)
|   F2 -> 0 @ 4801.415ns   (0.002ns)
| critical path for last transition of F1:
|   B1 -> 1 @ 5000.000ns , node was an input
|   part_5_0[1]/a_58_n35# -> 0 @ 5000.109ns   (0.109ns)
|   F1 -> 1 @ 5000.112ns   (0.003ns)
| critical path for last transition of F0:
|   B0 -> 1 @ 5100.000ns , node was an input
|   part_5_0[0]/a_58_n35# -> 0 @ 5100.109ns   (0.109ns)
|   F0 -> 1 @ 5100.112ns   (0.003ns)
| F=100 B=100 A=110 
| time = 5300.000ns
| critical path for last transition of F2:
|   B2 -> 1 @ 5200.000ns , node was an input
|   part_5_0[2]/a_58_n35# -> 0 @ 5200.109ns   (0.109ns)
|   F2 -> 1 @ 5200.112ns   (0.003ns)
| critical path for last transition of F1:
|   B1 -> 0 @ 5200.000ns , node was an input
|   part_5_0[1]/a_58_n35# -> 1 @ 5200.115ns   (0.115ns)
|   F1 -> 0 @ 5200.117ns   (0.002ns)
| critical path for last transition of F0:
|   B0 -> 0 @ 5200.000ns , node was an input
|   part_5_0[0]/a_58_n35# -> 1 @ 5200.115ns   (0.115ns)
|   F0 -> 0 @ 5200.117ns   (0.002ns)
| F=101 B=101 A=110 
| time = 5400.000ns
| critical path for last transition of F2:
|   B2 -> 1 @ 5200.000ns , node was an input
|   part_5_0[2]/a_58_n35# -> 0 @ 5200.109ns   (0.109ns)
|   F2 -> 1 @ 5200.112ns   (0.003ns)
| critical path for last transition of F1:
|   B1 -> 0 @ 5200.000ns , node was an input
|   part_5_0[1]/a_58_n35# -> 1 @ 5200.115ns   (0.115ns)
|   F1 -> 0 @ 5200.117ns   (0.002ns)
| critical path for last transition of F0:
|   B0 -> 1 @ 5300.000ns , node was an input
|   part_5_0[0]/a_58_n35# -> 0 @ 5300.109ns   (0.109ns)
|   F0 -> 1 @ 5300.112ns   (0.003ns)
| F=110 B=110 A=110 
| time = 5500.000ns
| critical path for last transition of F2:
|   B0 -> 0 @ 5400.000ns , node was an input
|   part_5_0[0]/A_OUT -> 1 @ 5400.104ns   (0.104ns)
|   part_5_0[1]/C_IN -> 0 @ 5400.525ns   (0.421ns)
|   part_5_0[1]/B_OUT -> 1 @ 5400.736ns   (0.211ns)
|   part_5_0[2]/C_IN -> 0 @ 5401.152ns   (0.416ns)
|   part_5_0[2]/B_OUT -> 1 @ 5401.363ns   (0.211ns)
|   part_5_0[0]/SEL -> 0 @ 5402.398ns   (1.035ns)
|   part_5_0[2]/a_84_n74# -> 1 @ 5402.700ns   (0.302ns)
|   part_5_0[2]/a_58_n35# -> 0 @ 5402.831ns   (0.131ns)
|   F2 -> 1 @ 5402.834ns   (0.003ns)
| critical path for last transition of F1:
|   B0 -> 0 @ 5400.000ns , node was an input
|   part_5_0[0]/A_OUT -> 1 @ 5400.104ns   (0.104ns)
|   part_5_0[1]/C_IN -> 0 @ 5400.525ns   (0.421ns)
|   part_5_0[1]/B_OUT -> 1 @ 5400.736ns   (0.211ns)
|   part_5_0[2]/C_IN -> 0 @ 5401.152ns   (0.416ns)
|   part_5_0[2]/B_OUT -> 1 @ 5401.363ns   (0.211ns)
|   part_5_0[0]/SEL -> 0 @ 5402.398ns   (1.035ns)
|   part_5_0[1]/a_84_n74# -> 1 @ 5402.700ns   (0.302ns)
|   part_5_0[1]/a_58_n35# -> 0 @ 5402.831ns   (0.131ns)
|   F1 -> 1 @ 5402.834ns   (0.003ns)
| critical path for last transition of F0:
|   B0 -> 0 @ 5400.000ns , node was an input
|   part_5_0[0]/a_58_n35# -> 1 @ 5400.115ns   (0.115ns)
|   F0 -> 0 @ 5400.117ns   (0.002ns)
| F=110 B=111 A=110 
| time = 5600.000ns
| critical path for last transition of F2:
|   transition of part_5_0[2]/a_58_n35#, which has since changed again
|   F2 -> 1 @ 5402.834ns   (?)
| critical path for last transition of F1:
|   transition of part_5_0[1]/a_58_n35#, which has since changed again
|   F1 -> 1 @ 5402.834ns   (?)
| critical path for last transition of F0:
|   B0 -> 1 @ 5500.000ns , node was an input
|   part_5_0[0]/A_OUT -> 0 @ 5500.098ns   (0.098ns)
|   part_5_0[1]/C_IN -> 1 @ 5500.429ns   (0.331ns)
|   part_5_0[1]/B_OUT -> 0 @ 5500.574ns   (0.145ns)
|   part_5_0[2]/C_IN -> 1 @ 5500.896ns   (0.322ns)
|   part_5_0[2]/B_OUT -> 0 @ 5501.041ns   (0.145ns)
|   part_5_0[0]/SEL -> 1 @ 5501.801ns   (0.760ns)
|   part_5_0[0]/a_84_n74# -> 0 @ 5501.988ns   (0.187ns)
|   part_5_0[0]/a_58_n35# -> 1 @ 5502.121ns   (0.133ns)
|   F0 -> 0 @ 5502.123ns   (0.002ns)
| F=000 B=000 A=111 
| time = 5700.000ns
| critical path for last transition of F2:
|   B2 -> 0 @ 5600.000ns , node was an input
|   part_5_0[2]/B_OUT -> 1 @ 5600.084ns   (0.084ns)
|   part_5_0[0]/SEL -> 0 @ 5601.119ns   (1.035ns)
|   part_5_0[2]/a_84_n16# -> 1 @ 5601.413ns   (0.294ns)
|   F2 -> 0 @ 5601.415ns   (0.002ns)
| critical path for last transition of F1:
|   B2 -> 0 @ 5600.000ns , node was an input
|   part_5_0[2]/B_OUT -> 1 @ 5600.084ns   (0.084ns)
|   part_5_0[0]/SEL -> 0 @ 5601.119ns   (1.035ns)
|   part_5_0[1]/a_84_n16# -> 1 @ 5601.413ns   (0.294ns)
|   F1 -> 0 @ 5601.415ns   (0.002ns)
| critical path for last transition of F0:
|   B2 -> 0 @ 5600.000ns , node was an input
|   part_5_0[2]/B_OUT -> 1 @ 5600.084ns   (0.084ns)
|   part_5_0[0]/SEL -> 0 @ 5601.119ns   (1.035ns)
|   part_5_0[0]/a_84_n16# -> 1 @ 5601.413ns   (0.294ns)
|   F0 -> 0 @ 5601.415ns   (0.002ns)
| F=001 B=001 A=111 
| time = 5800.000ns
| critical path for last transition of F2:
|   B2 -> 0 @ 5600.000ns , node was an input
|   part_5_0[2]/B_OUT -> 1 @ 5600.084ns   (0.084ns)
|   part_5_0[0]/SEL -> 0 @ 5601.119ns   (1.035ns)
|   part_5_0[2]/a_84_n16# -> 1 @ 5601.413ns   (0.294ns)
|   F2 -> 0 @ 5601.415ns   (0.002ns)
| critical path for last transition of F1:
|   B2 -> 0 @ 5600.000ns , node was an input
|   part_5_0[2]/B_OUT -> 1 @ 5600.084ns   (0.084ns)
|   part_5_0[0]/SEL -> 0 @ 5601.119ns   (1.035ns)
|   part_5_0[1]/a_84_n16# -> 1 @ 5601.413ns   (0.294ns)
|   F1 -> 0 @ 5601.415ns   (0.002ns)
| critical path for last transition of F0:
|   B0 -> 1 @ 5700.000ns , node was an input
|   part_5_0[0]/a_58_n35# -> 0 @ 5700.109ns   (0.109ns)
|   F0 -> 1 @ 5700.112ns   (0.003ns)
| F=010 B=010 A=111 
| time = 5900.000ns
| critical path for last transition of F2:
|   B2 -> 0 @ 5600.000ns , node was an input
|   part_5_0[2]/B_OUT -> 1 @ 5600.084ns   (0.084ns)
|   part_5_0[0]/SEL -> 0 @ 5601.119ns   (1.035ns)
|   part_5_0[2]/a_84_n16# -> 1 @ 5601.413ns   (0.294ns)
|   F2 -> 0 @ 5601.415ns   (0.002ns)
| critical path for last transition of F1:
|   B1 -> 1 @ 5800.000ns , node was an input
|   part_5_0[1]/a_58_n35# -> 0 @ 5800.109ns   (0.109ns)
|   F1 -> 1 @ 5800.112ns   (0.003ns)
| critical path for last transition of F0:
|   B0 -> 0 @ 5800.000ns , node was an input
|   part_5_0[0]/a_58_n35# -> 1 @ 5800.115ns   (0.115ns)
|   F0 -> 0 @ 5800.117ns   (0.002ns)
| F=011 B=011 A=111 
| time = 6000.000ns
| critical path for last transition of F2:
|   B2 -> 0 @ 5600.000ns , node was an input
|   part_5_0[2]/B_OUT -> 1 @ 5600.084ns   (0.084ns)
|   part_5_0[0]/SEL -> 0 @ 5601.119ns   (1.035ns)
|   part_5_0[2]/a_84_n16# -> 1 @ 5601.413ns   (0.294ns)
|   F2 -> 0 @ 5601.415ns   (0.002ns)
| critical path for last transition of F1:
|   B1 -> 1 @ 5800.000ns , node was an input
|   part_5_0[1]/a_58_n35# -> 0 @ 5800.109ns   (0.109ns)
|   F1 -> 1 @ 5800.112ns   (0.003ns)
| critical path for last transition of F0:
|   B0 -> 1 @ 5900.000ns , node was an input
|   part_5_0[0]/a_58_n35# -> 0 @ 5900.109ns   (0.109ns)
|   F0 -> 1 @ 5900.112ns   (0.003ns)
| F=100 B=100 A=111 
| time = 6100.000ns
| critical path for last transition of F2:
|   B2 -> 1 @ 6000.000ns , node was an input
|   part_5_0[2]/a_58_n35# -> 0 @ 6000.109ns   (0.109ns)
|   F2 -> 1 @ 6000.112ns   (0.003ns)
| critical path for last transition of F1:
|   B1 -> 0 @ 6000.000ns , node was an input
|   part_5_0[1]/a_58_n35# -> 1 @ 6000.115ns   (0.115ns)
|   F1 -> 0 @ 6000.117ns   (0.002ns)
| critical path for last transition of F0:
|   B0 -> 0 @ 6000.000ns , node was an input
|   part_5_0[0]/a_58_n35# -> 1 @ 6000.115ns   (0.115ns)
|   F0 -> 0 @ 6000.117ns   (0.002ns)
| F=101 B=101 A=111 
| time = 6200.000ns
| critical path for last transition of F2:
|   B2 -> 1 @ 6000.000ns , node was an input
|   part_5_0[2]/a_58_n35# -> 0 @ 6000.109ns   (0.109ns)
|   F2 -> 1 @ 6000.112ns   (0.003ns)
| critical path for last transition of F1:
|   B1 -> 0 @ 6000.000ns , node was an input
|   part_5_0[1]/a_58_n35# -> 1 @ 6000.115ns   (0.115ns)
|   F1 -> 0 @ 6000.117ns   (0.002ns)
| critical path for last transition of F0:
|   B0 -> 1 @ 6100.000ns , node was an input
|   part_5_0[0]/a_58_n35# -> 0 @ 6100.109ns   (0.109ns)
|   F0 -> 1 @ 6100.112ns   (0.003ns)
| F=110 B=110 A=111 
| time = 6300.000ns
| critical path for last transition of F2:
|   B2 -> 1 @ 6000.000ns , node was an input
|   part_5_0[2]/a_58_n35# -> 0 @ 6000.109ns   (0.109ns)
|   F2 -> 1 @ 6000.112ns   (0.003ns)
| critical path for last transition of F1:
|   B1 -> 1 @ 6200.000ns , node was an input
|   part_5_0[1]/a_58_n35# -> 0 @ 6200.109ns   (0.109ns)
|   F1 -> 1 @ 6200.112ns   (0.003ns)
| critical path for last transition of F0:
|   B0 -> 0 @ 6200.000ns , node was an input
|   part_5_0[0]/a_58_n35# -> 1 @ 6200.115ns   (0.115ns)
|   F0 -> 0 @ 6200.117ns   (0.002ns)
| F=111 B=111 A=111 
| time = 6400.000ns
| critical path for last transition of F2:
|   B2 -> 1 @ 6000.000ns , node was an input
|   part_5_0[2]/a_58_n35# -> 0 @ 6000.109ns   (0.109ns)
|   F2 -> 1 @ 6000.112ns   (0.003ns)
| critical path for last transition of F1:
|   B1 -> 1 @ 6200.000ns , node was an input
|   part_5_0[1]/a_58_n35# -> 0 @ 6200.109ns   (0.109ns)
|   F1 -> 1 @ 6200.112ns   (0.003ns)
| critical path for last transition of F0:
|   B0 -> 1 @ 6300.000ns , node was an input
|   part_5_0[0]/a_58_n35# -> 0 @ 6300.109ns   (0.109ns)
|   F0 -> 1 @ 6300.112ns   (0.003ns)
